<?xml version="1.0" encoding="UTF-8"?>
<!-- Generated by org.testng.reporters.JUnitXMLReporter -->
<testsuite ignored="0" hostname="DESKTOP-PQ0QNSP" failures="0" tests="14" name="Test" time="15.118" errors="0" timestamp="2021-09-17T17:13:44 SGT">
  <testcase classname="advanceSelenium.AdvanceSeleniumProject.RepeatTestMultipleTimes" name="sum" time="0.008"/>
  <testcase classname="advanceSelenium.AdvanceSeleniumProject.RepeatTestMultipleTimes" name="sum" time="0.002"/>
  <testcase classname="advanceSelenium.AdvanceSeleniumProject.RepeatTestMultipleTimes" name="sum" time="0.001"/>
  <testcase classname="advanceSelenium.AdvanceSeleniumProject.RepeatTestMultipleTimes" name="sum" time="0.002"/>
  <testcase classname="advanceSelenium.AdvanceSeleniumProject.RepeatTestMultipleTimes" name="sum" time="0.001"/>
  <testcase classname="advanceSelenium.AdvanceSeleniumProject.RepeatTestMultipleTimes" name="sum" time="0.001"/>
  <testcase classname="advanceSelenium.AdvanceSeleniumProject.RepeatTestMultipleTimes" name="sum" time="0.001"/>
  <testcase classname="advanceSelenium.AdvanceSeleniumProject.RepeatTestMultipleTimes" name="sum" time="0.001"/>
  <testcase classname="advanceSelenium.AdvanceSeleniumProject.RepeatTestMultipleTimes" name="sum" time="0.001"/>
  <testcase classname="advanceSelenium.AdvanceSeleniumProject.RepeatTestMultipleTimes" name="sum" time="0.001"/>
  <testcase classname="advanceSelenium.AdvanceSeleniumProject.TestNGDependsOn" name="loginTest" time="0.001"/>
  <testcase classname="advanceSelenium.AdvanceSeleniumProject.TestNGDependsOn" name="homePage" time="0.001"/>
  <testcase classname="advanceSelenium.AdvanceSeleniumProject.GoogleTest" name="googleTest" time="0.011"/>
  <testcase classname="advanceSelenium.AdvanceSeleniumProject.GoogleTest" name="googleSearchTest" time="1.811"/>
</testsuite> <!-- Test -->
