<?xml version="1.0" encoding="UTF-8"?>
<testng-results ignored="0" total="1" passed="1" failed="0" skipped="0">
  <reporter-output>
  </reporter-output>
  <suite started-at="2021-11-03T15:41:37 SGT" name="Default suite" finished-at="2021-11-03T15:41:43 SGT" duration-ms="5771">
    <groups>
    </groups>
    <test started-at="2021-11-03T15:41:37 SGT" name="Default test" finished-at="2021-11-03T15:41:43 SGT" duration-ms="5771">
      <class name="advanceSelenium.AdvanceSeleniumProject.BasicAuthPopUpTest">
        <test-method is-config="true" signature="setup()[pri:0, instance:advanceSelenium.AdvanceSeleniumProject.BasicAuthPopUpTest@e1de817]" started-at="2021-11-03T15:41:37 SGT" name="setup" finished-at="2021-11-03T15:41:39 SGT" duration-ms="1786" status="PASS">
          <reporter-output>
          </reporter-output>
        </test-method> <!-- setup -->
        <test-method signature="method1()[pri:0, instance:advanceSelenium.AdvanceSeleniumProject.BasicAuthPopUpTest@e1de817]" started-at="2021-11-03T15:41:39 SGT" name="method1" finished-at="2021-11-03T15:41:43 SGT" duration-ms="3855" status="PASS">
          <reporter-output>
          </reporter-output>
        </test-method> <!-- method1 -->
        <test-method is-config="true" signature="tearDown()[pri:0, instance:advanceSelenium.AdvanceSeleniumProject.BasicAuthPopUpTest@e1de817]" started-at="2021-11-03T15:41:43 SGT" name="tearDown" finished-at="2021-11-03T15:41:43 SGT" duration-ms="98" status="PASS">
          <reporter-output>
          </reporter-output>
        </test-method> <!-- tearDown -->
      </class> <!-- advanceSelenium.AdvanceSeleniumProject.BasicAuthPopUpTest -->
    </test> <!-- Default test -->
  </suite> <!-- Default suite -->
</testng-results>
